<?xml version="1.0" encoding="UTF-8"?>
<!-- Generated by org.testng.reporters.JUnitReportReporter -->
<testsuite hostname="Raghu" failures="0" tests="1" name="com.qa.opencart.Tests.LoginpageTest" time="0.118" errors="0" timestamp="21 Sept 2023 15:18:52 GMT" skipped="0">
  <testcase classname="com.qa.opencart.Tests.LoginpageTest" name="PageTitleTest" time="0.118"/>
</testsuite> <!-- com.qa.opencart.Tests.LoginpageTest -->
