<?xml version="1.0" encoding="UTF-8"?>
<!-- Generated by org.testng.reporters.JUnitReportReporter -->
<testsuite hostname="Raghu" failures="0" tests="2" name="com.qa.opencart.Tests.AccountpageTest" time="0.418" errors="0" timestamp="22 Sept 2023 10:28:40 GMT" skipped="0">
  <testcase classname="com.qa.opencart.Tests.AccountpageTest" name="VerifyAccountpageTitle" time="0.051"/>
  <testcase classname="com.qa.opencart.Tests.AccountpageTest" name="AccountHeaders" time="0.367"/>
</testsuite> <!-- com.qa.opencart.Tests.AccountpageTest -->
